This is pdfTeX, Version 3.141592653-2.6-1.40.26 (TeX Live 2024/Homebrew) (preloaded format=pdflatex 2024.3.20)  20 JUN 2024 12:15
entering extended mode
 restricted \write18 enabled.
 file:line:error style messages enabled.
 %&-line parsing enabled.
**/Users/nicoloagostara/catkin_ws/src/s_map/thesis/thesis.tex
(/Users/nicoloagostara/catkin_ws/src/s_map/thesis/thesis.tex
LaTeX2e <2023-11-01> patch level 1
L3 programming layer <2024-02-20>
(./bai-thesis.cls
Document Class: bai-thesis 2024/03/10 v0.1 Last revised by Rafael Penaloza
(/opt/homebrew/Cellar/texlive/20240312/share/texmf-dist/tex/latex/base/report.cls
Document Class: report 2023/05/17 v1.4n Standard LaTeX document class
(/opt/homebrew/Cellar/texlive/20240312/share/texmf-dist/tex/latex/base/size10.clo
File: size10.clo 2023/05/17 v1.4n Standard LaTeX file (size option)
)
\c@part=\count188
\c@chapter=\count189
\c@section=\count190
\c@subsection=\count191
\c@subsubsection=\count192
\c@paragraph=\count193
\c@subparagraph=\count194
\c@figure=\count195
\c@table=\count196
\abovecaptionskip=\skip48
\belowcaptionskip=\skip49
\bibindent=\dimen140
) (/opt/homebrew/Cellar/texlive/20240312/share/texmf-dist/tex/latex/geometry/geometry.sty
Package: geometry 2020/01/02 v5.9 Page Geometry
 (/opt/homebrew/Cellar/texlive/20240312/share/texmf-dist/tex/latex/graphics/keyval.sty
Package: keyval 2022/05/29 v1.15 key=value parser (DPC)
\KV@toks@=\toks17
) (/opt/homebrew/Cellar/texlive/20240312/share/texmf-dist/tex/generic/iftex/ifvtex.sty
Package: ifvtex 2019/10/25 v1.7 ifvtex legacy package. Use iftex instead.
 (/opt/homebrew/Cellar/texlive/20240312/share/texmf-dist/tex/generic/iftex/iftex.sty
Package: iftex 2022/02/03 v1.0f TeX engine tests
))
\Gm@cnth=\count197
\Gm@cntv=\count198
\c@Gm@tempcnt=\count199
\Gm@bindingoffset=\dimen141
\Gm@wd@mp=\dimen142
\Gm@odd@mp=\dimen143
\Gm@even@mp=\dimen144
\Gm@layoutwidth=\dimen145
\Gm@layoutheight=\dimen146
\Gm@layouthoffset=\dimen147
\Gm@layoutvoffset=\dimen148
\Gm@dimlist=\toks18
)
\marginwidth=\skip50
\bodywidth=\skip51
 (/opt/homebrew/Cellar/texlive/20240312/share/texmf-dist/tex/latex/base/fontenc.sty
Package: fontenc 2021/04/29 v2.0v Standard LaTeX package
) (/opt/homebrew/Cellar/texlive/20240312/share/texmf-dist/tex/latex/base/textcomp.sty
Package: textcomp 2020/02/02 v2.0n Standard LaTeX package
) (/opt/homebrew/Cellar/texlive/20240312/share/texmf-dist/tex/latex/psnfss/mathpazo.sty
Package: mathpazo 2020/03/25 PSNFSS-v9.3 Palatino w/ Pazo Math (D.Puga, WaS) 
\symupright=\mathgroup4
) (/opt/homebrew/Cellar/texlive/20240312/share/texmf-dist/tex/latex/eulervm/eulervm.sty
Package: eulervm 2005/01/11 v4.0 (WaS)
) (/opt/homebrew/Cellar/texlive/20240312/share/texmf-dist/tex/latex/fira/FiraSans.sty
Package: FiraSans 2022/09/17 (Bob Tennent and autoinst) Style file for Fira Sans fonts.
 (/opt/homebrew/Cellar/texlive/20240312/share/texmf-dist/tex/generic/iftex/ifxetex.sty
Package: ifxetex 2019/10/25 v0.7 ifxetex legacy package. Use iftex instead.
) (/opt/homebrew/Cellar/texlive/20240312/share/texmf-dist/tex/generic/iftex/ifluatex.sty
Package: ifluatex 2019/10/25 v1.5 ifluatex legacy package. Use iftex instead.
) (/opt/homebrew/Cellar/texlive/20240312/share/texmf-dist/tex/latex/xkeyval/xkeyval.sty
Package: xkeyval 2022/06/16 v2.9 package option processing (HA)
 (/opt/homebrew/Cellar/texlive/20240312/share/texmf-dist/tex/generic/xkeyval/xkeyval.tex (/opt/homebrew/Cellar/texlive/20240312/share/texmf-dist/tex/generic/xkeyval/xkvutils.tex
\XKV@toks=\toks19
\XKV@tempa@toks=\toks20
)
\XKV@depth=\count266
File: xkeyval.tex 2014/12/03 v2.7a key=value parser (HA)
)) (/opt/homebrew/Cellar/texlive/20240312/share/texmf-dist/tex/latex/fontaxes/fontaxes.sty
Package: fontaxes 2020/07/21 v1.0e Font selection axes
LaTeX Info: Redefining \upshape on input line 29.
LaTeX Info: Redefining \itshape on input line 31.
LaTeX Info: Redefining \slshape on input line 33.
LaTeX Info: Redefining \swshape on input line 35.
LaTeX Info: Redefining \scshape on input line 37.
LaTeX Info: Redefining \sscshape on input line 39.
LaTeX Info: Redefining \ulcshape on input line 41.
LaTeX Info: Redefining \textsw on input line 47.
LaTeX Info: Redefining \textssc on input line 48.
LaTeX Info: Redefining \textulc on input line 49.
)) (/opt/homebrew/Cellar/texlive/20240312/share/texmf-dist/tex/latex/fancyhdr/fancyhdr.sty
Package: fancyhdr 2022/11/09 v4.1 Extensive control of page headers and footers
\f@nch@headwidth=\skip52
\f@nch@O@elh=\skip53
\f@nch@O@erh=\skip54
\f@nch@O@olh=\skip55
\f@nch@O@orh=\skip56
\f@nch@O@elf=\skip57
\f@nch@O@erf=\skip58
\f@nch@O@olf=\skip59
\f@nch@O@orf=\skip60
)

Package fancyhdr Warning: \fancyhead's `E' option without twoside option is useless.
(fancyhdr)                Please consider using the `twoside' option on input line 334.


Package fancyhdr Warning: \fancyhead's `E' option without twoside option is useless.
(fancyhdr)                Please consider using the `twoside' option on input line 336.

) (./thesis.sty (/opt/homebrew/Cellar/texlive/20240312/share/texmf-dist/tex/latex/graphics/graphicx.sty
Package: graphicx 2021/09/16 v1.2d Enhanced LaTeX Graphics (DPC,SPQR)
 (/opt/homebrew/Cellar/texlive/20240312/share/texmf-dist/tex/latex/graphics/graphics.sty
Package: graphics 2022/03/10 v1.4e Standard LaTeX Graphics (DPC,SPQR)
 (/opt/homebrew/Cellar/texlive/20240312/share/texmf-dist/tex/latex/graphics/trig.sty
Package: trig 2021/08/11 v1.11 sin cos tan (DPC)
) (/opt/homebrew/Cellar/texlive/20240312/share/texmf-dist/tex/latex/graphics-cfg/graphics.cfg
File: graphics.cfg 2016/06/04 v1.11 sample graphics configuration
)
Package graphics Info: Driver file: pdftex.def on input line 107.
 (/opt/homebrew/Cellar/texlive/20240312/share/texmf-dist/tex/latex/graphics-def/pdftex.def
File: pdftex.def 2022/09/22 v1.2b Graphics/color driver for pdftex
))
\Gin@req@height=\dimen149
\Gin@req@width=\dimen150
) (/opt/homebrew/Cellar/texlive/20240312/share/texmf-dist/tex/latex/amsmath/amsmath.sty
Package: amsmath 2023/05/13 v2.17o AMS math features
\@mathmargin=\skip61

For additional information on amsmath, use the `?' option.
(/opt/homebrew/Cellar/texlive/20240312/share/texmf-dist/tex/latex/amsmath/amstext.sty
Package: amstext 2021/08/26 v2.01 AMS text
 (/opt/homebrew/Cellar/texlive/20240312/share/texmf-dist/tex/latex/amsmath/amsgen.sty
File: amsgen.sty 1999/11/30 v2.0 generic functions
\@emptytoks=\toks21
\ex@=\dimen151
)) (/opt/homebrew/Cellar/texlive/20240312/share/texmf-dist/tex/latex/amsmath/amsbsy.sty
Package: amsbsy 1999/11/29 v1.2d Bold Symbols
\pmbraise@=\dimen152
) (/opt/homebrew/Cellar/texlive/20240312/share/texmf-dist/tex/latex/amsmath/amsopn.sty
Package: amsopn 2022/04/08 v2.04 operator names
)
\inf@bad=\count267
LaTeX Info: Redefining \frac on input line 234.
\uproot@=\count268
\leftroot@=\count269
LaTeX Info: Redefining \overline on input line 399.
LaTeX Info: Redefining \colon on input line 410.
\classnum@=\count270
\DOTSCASE@=\count271
LaTeX Info: Redefining \ldots on input line 496.
LaTeX Info: Redefining \dots on input line 499.
LaTeX Info: Redefining \cdots on input line 620.
\Mathstrutbox@=\box51
\strutbox@=\box52
LaTeX Info: Redefining \big on input line 722.
LaTeX Info: Redefining \Big on input line 723.
LaTeX Info: Redefining \bigg on input line 724.
LaTeX Info: Redefining \Bigg on input line 725.
\big@size=\dimen153
LaTeX Font Info:    Redeclaring font encoding OML on input line 743.
LaTeX Font Info:    Redeclaring font encoding OMS on input line 744.
\macc@depth=\count272
LaTeX Info: Redefining \bmod on input line 905.
LaTeX Info: Redefining \pmod on input line 910.
LaTeX Info: Redefining \smash on input line 940.
LaTeX Info: Redefining \relbar on input line 970.
LaTeX Info: Redefining \Relbar on input line 971.
\c@MaxMatrixCols=\count273
\dotsspace@=\muskip16
\c@parentequation=\count274
\dspbrk@lvl=\count275
\tag@help=\toks22
\row@=\count276
\column@=\count277
\maxfields@=\count278
\andhelp@=\toks23
\eqnshift@=\dimen154
\alignsep@=\dimen155
\tagshift@=\dimen156
\tagwidth@=\dimen157
\totwidth@=\dimen158
\lineht@=\dimen159
\@envbody=\toks24
\multlinegap=\skip62
\multlinetaggap=\skip63
\mathdisplay@stack=\toks25
LaTeX Info: Redefining \[ on input line 2953.
LaTeX Info: Redefining \] on input line 2954.
) (/opt/homebrew/Cellar/texlive/20240312/share/texmf-dist/tex/latex/amscls/amsthm.sty
Package: amsthm 2020/05/29 v2.20.6
\thm@style=\toks26
\thm@bodyfont=\toks27
\thm@headfont=\toks28
\thm@notefont=\toks29
\thm@headpunct=\toks30
\thm@preskip=\skip64
\thm@postskip=\skip65
\thm@headsep=\skip66
\dth@everypar=\toks31
) (/opt/homebrew/Cellar/texlive/20240312/share/texmf-dist/tex/latex/amsfonts/amsfonts.sty
Package: amsfonts 2013/01/14 v3.01 Basic AMSFonts support
\symAMSa=\mathgroup5
\symAMSb=\mathgroup6
LaTeX Font Info:    Redeclaring math symbol \hbar on input line 98.
LaTeX Font Info:    Overwriting math alphabet `\mathfrak' in version `bold'
(Font)                  U/euf/m/n --> U/euf/b/n on input line 106.
) (/opt/homebrew/Cellar/texlive/20240312/share/texmf-dist/tex/latex/psnfss/pifont.sty
Package: pifont 2020/03/25 PSNFSS-v9.3 Pi font support (SPQR) 
LaTeX Font Info:    Trying to load font information for U+pzd on input line 63.
 (/opt/homebrew/Cellar/texlive/20240312/share/texmf-dist/tex/latex/psnfss/upzd.fd
File: upzd.fd 2001/06/04 font definitions for U/pzd.
)
LaTeX Font Info:    Trying to load font information for U+psy on input line 64.
 (/opt/homebrew/Cellar/texlive/20240312/share/texmf-dist/tex/latex/psnfss/upsy.fd
File: upsy.fd 2001/06/04 font definitions for U/psy.
)) (/opt/homebrew/Cellar/texlive/20240312/share/texmf-dist/tex/latex/graphics/rotating.sty
Package: rotating 2016/08/11 v2.16d rotated objects in LaTeX
 (/opt/homebrew/Cellar/texlive/20240312/share/texmf-dist/tex/latex/base/ifthen.sty
Package: ifthen 2022/04/13 v1.1d Standard LaTeX ifthen package (DPC)
)
\c@r@tfl@t=\count279
\rotFPtop=\skip67
\rotFPbot=\skip68
\rot@float@box=\box53
\rot@mess@toks=\toks32
) (/opt/homebrew/Cellar/texlive/20240312/share/texmf-dist/tex/latex/base/latexsym.sty
Package: latexsym 1998/08/17 v2.2e Standard LaTeX package (lasy symbols)
\symlasy=\mathgroup7
LaTeX Font Info:    Overwriting symbol font `lasy' in version `bold'
(Font)                  U/lasy/m/n --> U/lasy/b/n on input line 52.
) (/opt/homebrew/Cellar/texlive/20240312/share/texmf-dist/tex/latex/tools/verbatim.sty
Package: verbatim 2023-11-06 v1.5v LaTeX2e package for verbatim enhancements
\every@verbatim=\toks33
\verbatim@line=\toks34
\verbatim@in@stream=\read2
) (/opt/homebrew/Cellar/texlive/20240312/share/texmf-dist/tex/latex/base/inputenc.sty
Package: inputenc 2021/02/14 v1.3d Input encoding file
\inpenc@prehook=\toks35
\inpenc@posthook=\toks36
 (/opt/homebrew/Cellar/texlive/20240312/share/texmf-dist/tex/latex/base/latin1.def
File: latin1.def 2021/02/14 v1.3d Input encoding file
)) (/opt/homebrew/Cellar/texlive/20240312/share/texmf-dist/tex/latex/multirow/multirow.sty
Package: multirow 2021/03/15 v2.8 Span multiple rows of a table
\multirow@colwidth=\skip69
\multirow@cntb=\count280
\multirow@dima=\skip70
\bigstrutjot=\dimen160
) (/opt/homebrew/Cellar/texlive/20240312/share/texmf-dist/tex/latex/tools/afterpage.sty
Package: afterpage 2023/07/04 v1.08 After-Page Package (DPC)
\AP@output=\toks37
\AP@partial=\box54
\AP@footins=\box55
) (/opt/homebrew/Cellar/texlive/20240312/share/texmf-dist/tex/latex/graphics/lscape.sty
Package: lscape 2020/05/28 v3.02 Landscape Pages (DPC)
) (/opt/homebrew/Cellar/texlive/20240312/share/texmf-dist/tex/latex/booktabs/booktabs.sty
Package: booktabs 2020/01/12 v1.61803398 Publication quality tables
\heavyrulewidth=\dimen161
\lightrulewidth=\dimen162
\cmidrulewidth=\dimen163
\belowrulesep=\dimen164
\belowbottomsep=\dimen165
\aboverulesep=\dimen166
\abovetopsep=\dimen167
\cmidrulesep=\dimen168
\cmidrulekern=\dimen169
\defaultaddspace=\dimen170
\@cmidla=\count281
\@cmidlb=\count282
\@aboverulesep=\dimen171
\@belowrulesep=\dimen172
\@thisruleclass=\count283
\@lastruleclass=\count284
\@thisrulewidth=\dimen173
) (/opt/homebrew/Cellar/texlive/20240312/share/texmf-dist/tex/latex/base/makeidx.sty
Package: makeidx 2021/10/04 v1.0m Standard LaTeX package
)
\@indexfile=\write3
\openout3 = `thesis.idx'.


Writing index file thesis.idx
(/opt/homebrew/Cellar/texlive/20240312/share/texmf-dist/tex/latex/float/float.sty
Package: float 2001/11/08 v1.3d Float enhancements (AL)
\c@float@type=\count285
\float@exts=\toks38
\float@box=\box56
\@float@everytoks=\toks39
\@floatcapt=\box57
) (/opt/homebrew/Cellar/texlive/20240312/share/texmf-dist/tex/latex/hyperref/hyperref.sty
Package: hyperref 2024-01-20 v7.01h Hypertext links for LaTeX
 (/opt/homebrew/Cellar/texlive/20240312/share/texmf-dist/tex/latex/kvsetkeys/kvsetkeys.sty
Package: kvsetkeys 2022-10-05 v1.19 Key value parser (HO)
) (/opt/homebrew/Cellar/texlive/20240312/share/texmf-dist/tex/generic/kvdefinekeys/kvdefinekeys.sty
Package: kvdefinekeys 2019-12-19 v1.6 Define keys (HO)
) (/opt/homebrew/Cellar/texlive/20240312/share/texmf-dist/tex/generic/pdfescape/pdfescape.sty
Package: pdfescape 2019/12/09 v1.15 Implements pdfTeX's escape features (HO)
 (/opt/homebrew/Cellar/texlive/20240312/share/texmf-dist/tex/generic/ltxcmds/ltxcmds.sty
Package: ltxcmds 2023-12-04 v1.26 LaTeX kernel commands for general use (HO)
) (/opt/homebrew/Cellar/texlive/20240312/share/texmf-dist/tex/generic/pdftexcmds/pdftexcmds.sty
Package: pdftexcmds 2020-06-27 v0.33 Utility functions of pdfTeX for LuaTeX (HO)
 (/opt/homebrew/Cellar/texlive/20240312/share/texmf-dist/tex/generic/infwarerr/infwarerr.sty
Package: infwarerr 2019/12/03 v1.5 Providing info/warning/error messages (HO)
)
Package pdftexcmds Info: \pdf@primitive is available.
Package pdftexcmds Info: \pdf@ifprimitive is available.
Package pdftexcmds Info: \pdfdraftmode found.
)) (/opt/homebrew/Cellar/texlive/20240312/share/texmf-dist/tex/latex/hycolor/hycolor.sty
Package: hycolor 2020-01-27 v1.10 Color options for hyperref/bookmark (HO)
) (/opt/homebrew/Cellar/texlive/20240312/share/texmf-dist/tex/latex/auxhook/auxhook.sty
Package: auxhook 2019-12-17 v1.6 Hooks for auxiliary files (HO)
) (/opt/homebrew/Cellar/texlive/20240312/share/texmf-dist/tex/latex/hyperref/nameref.sty
Package: nameref 2023-11-26 v2.56 Cross-referencing by name of section
 (/opt/homebrew/Cellar/texlive/20240312/share/texmf-dist/tex/latex/refcount/refcount.sty
Package: refcount 2019/12/15 v3.6 Data extraction from label references (HO)
) (/opt/homebrew/Cellar/texlive/20240312/share/texmf-dist/tex/generic/gettitlestring/gettitlestring.sty
Package: gettitlestring 2019/12/15 v1.6 Cleanup title references (HO)
 (/opt/homebrew/Cellar/texlive/20240312/share/texmf-dist/tex/latex/kvoptions/kvoptions.sty
Package: kvoptions 2022-06-15 v3.15 Key value format for package options (HO)
))
\c@section@level=\count286
) (/opt/homebrew/Cellar/texlive/20240312/share/texmf-dist/tex/latex/etoolbox/etoolbox.sty
Package: etoolbox 2020/10/05 v2.5k e-TeX tools for LaTeX (JAW)
\etb@tempcnta=\count287
)
\@linkdim=\dimen174
\Hy@linkcounter=\count288
\Hy@pagecounter=\count289
 (/opt/homebrew/Cellar/texlive/20240312/share/texmf-dist/tex/latex/hyperref/pd1enc.def
File: pd1enc.def 2024-01-20 v7.01h Hyperref: PDFDocEncoding definition (HO)
Now handling font encoding PD1 ...
... no UTF-8 mapping file for font encoding PD1
) (/opt/homebrew/Cellar/texlive/20240312/share/texmf-dist/tex/generic/intcalc/intcalc.sty
Package: intcalc 2019/12/15 v1.3 Expandable calculations with integers (HO)
)
\Hy@SavedSpaceFactor=\count290
 (/opt/homebrew/Cellar/texlive/20240312/share/texmf-dist/tex/latex/hyperref/puenc.def
File: puenc.def 2024-01-20 v7.01h Hyperref: PDF Unicode definition (HO)
Now handling font encoding PU ...
... no UTF-8 mapping file for font encoding PU
)
Package hyperref Info: Option `pdfdisplaydoctitle' set `true' on input line 4062.
Package hyperref Info: Option `bookmarks' set `true' on input line 4062.
Package hyperref Info: Option `bookmarksopen' set `false' on input line 4062.
Package hyperref Info: Option `bookmarksnumbered' set `true' on input line 4062.
Package hyperref Info: Option `raiselinks' set `false' on input line 4062.
Package hyperref Info: Option `breaklinks' set `false' on input line 4062.
Package hyperref Info: Option `pageanchor' set `true' on input line 4062.
Package hyperref Info: Option `colorlinks' set `true' on input line 4062.
Package hyperref Info: Hyper figures OFF on input line 4179.
Package hyperref Info: Link nesting OFF on input line 4184.
Package hyperref Info: Hyper index ON on input line 4187.
Package hyperref Info: Plain pages OFF on input line 4194.
Package hyperref Info: Backreferencing ON on input line 4197.
Package hyperref Info: Implicit mode ON; LaTeX internals redefined.
Package hyperref Info: Bookmarks ON on input line 4446.
 (/opt/homebrew/Cellar/texlive/20240312/share/texmf-dist/tex/latex/hyperref/backref.sty
Package: backref 2023-11-26 v1.44 Bibliographical back referencing
 (/opt/homebrew/Cellar/texlive/20240312/share/texmf-dist/tex/latex/rerunfilecheck/rerunfilecheck.sty
Package: rerunfilecheck 2022-07-10 v1.10 Rerun checks for auxiliary files (HO)
 (/opt/homebrew/Cellar/texlive/20240312/share/texmf-dist/tex/latex/base/atveryend-ltx.sty
Package: atveryend-ltx 2020/08/19 v1.0a Emulation of the original atveryend package
with kernel methods
) (/opt/homebrew/Cellar/texlive/20240312/share/texmf-dist/tex/generic/uniquecounter/uniquecounter.sty
Package: uniquecounter 2019/12/15 v1.4 Provide unlimited unique counter (HO)
 (/opt/homebrew/Cellar/texlive/20240312/share/texmf-dist/tex/generic/bigintcalc/bigintcalc.sty
Package: bigintcalc 2019/12/15 v1.5 Expandable calculations on big integers (HO)
))
Package uniquecounter Info: New unique counter `rerunfilecheck' on input line 285.
))
\c@Hy@tempcnt=\count291
 (/opt/homebrew/Cellar/texlive/20240312/share/texmf-dist/tex/latex/url/url.sty
\Urlmuskip=\muskip17
Package: url 2013/09/16  ver 3.4  Verb mode for urls, etc.
)
LaTeX Info: Redefining \url on input line 4784.
\XeTeXLinkMargin=\dimen175
 (/opt/homebrew/Cellar/texlive/20240312/share/texmf-dist/tex/generic/bitset/bitset.sty
Package: bitset 2019/12/09 v1.3 Handle bit-vector datatype (HO)
)
\Fld@menulength=\count292
\Field@Width=\dimen176
\Fld@charsize=\dimen177
Package hyperref Info: Hyper figures OFF on input line 6063.
Package hyperref Info: Link nesting OFF on input line 6068.
Package hyperref Info: Hyper index ON on input line 6071.
Package hyperref Info: backreferencing ON on input line 6076.
Package hyperref Info: Link coloring ON on input line 6081.
Package hyperref Info: Link coloring with OCG OFF on input line 6088.
Package hyperref Info: PDF/A mode OFF on input line 6093.
 (/opt/homebrew/Cellar/texlive/20240312/share/texmf-dist/tex/latex/base/atbegshi-ltx.sty
Package: atbegshi-ltx 2021/01/10 v1.0c Emulation of the original atbegshi
package with kernel methods
)
\Hy@abspage=\count293
\c@Item=\count294
\c@Hfootnote=\count295
)
Package hyperref Info: Driver (autodetected): hpdftex.
 (/opt/homebrew/Cellar/texlive/20240312/share/texmf-dist/tex/latex/hyperref/hpdftex.def
File: hpdftex.def 2024-01-20 v7.01h Hyperref driver for pdfTeX
\Fld@listcount=\count296
\c@bookmark@seq@number=\count297
\Hy@SectionHShift=\skip71
) (/opt/homebrew/Cellar/texlive/20240312/share/texmf-dist/tex/latex/algorithms/algorithm.sty
Package: algorithm 2009/08/24 v0.1 Document Style `algorithm' - floating environment
\@float@every@algorithm=\toks40
\c@algorithm=\count298
) (/opt/homebrew/Cellar/texlive/20240312/share/texmf-dist/tex/latex/algorithms/algorithmic.sty
Package: algorithmic 2009/08/24 v0.1 Document Style `algorithmic'
\c@ALC@unique=\count299
\c@ALC@line=\count300
\c@ALC@rem=\count301
\c@ALC@depth=\count302
\ALC@tlm=\skip72
\algorithmicindent=\skip73
) (/opt/homebrew/Cellar/texlive/20240312/share/texmf-dist/tex/latex/oberdiek/hypcap.sty
Package: hypcap 2016/05/16 v1.12 Adjusting the anchors of captions (HO)
 (/opt/homebrew/Cellar/texlive/20240312/share/texmf-dist/tex/latex/letltxmacro/letltxmacro.sty
Package: letltxmacro 2019/12/03 v1.6 Let assignment for LaTeX macros (HO)
))
\c@notecounter=\count303
\c@definition=\count304
)
LaTeX Font Info:    Trying to load font information for T1+pplx on input line 34.
 (/opt/homebrew/Cellar/texlive/20240312/share/texmf-dist/tex/latex/psnfss/t1pplx.fd
File: t1pplx.fd 2004/09/06 font definitions for T1/pplx.
) (/opt/homebrew/Cellar/texlive/20240312/share/texmf-dist/tex/latex/l3backend/l3backend-pdftex.def
File: l3backend-pdftex.def 2024-02-20 L3 backend support: PDF output (pdfTeX)
\l__color_backend_stack_int=\count305
\l__pdf_internal_box=\box58
) (./thesis.aux (./contents.aux) (./content/abstract.aux) (./content/introduction.aux) (./content/usage.aux) (./content/guidelines.aux) (./content/conclusions.aux) (./backmatter.aux))
\openout1 = `thesis.aux'.

LaTeX Font Info:    Checking defaults for OML/cmm/m/it on input line 34.
LaTeX Font Info:    ... okay on input line 34.
LaTeX Font Info:    Checking defaults for OMS/cmsy/m/n on input line 34.
LaTeX Font Info:    ... okay on input line 34.
LaTeX Font Info:    Checking defaults for OT1/cmr/m/n on input line 34.
LaTeX Font Info:    ... okay on input line 34.
LaTeX Font Info:    Checking defaults for T1/cmr/m/n on input line 34.
LaTeX Font Info:    ... okay on input line 34.
LaTeX Font Info:    Checking defaults for TS1/cmr/m/n on input line 34.
LaTeX Font Info:    ... okay on input line 34.
LaTeX Font Info:    Checking defaults for OMX/cmex/m/n on input line 34.
LaTeX Font Info:    ... okay on input line 34.
LaTeX Font Info:    Checking defaults for U/cmr/m/n on input line 34.
LaTeX Font Info:    ... okay on input line 34.
LaTeX Font Info:    Checking defaults for PD1/pdf/m/n on input line 34.
LaTeX Font Info:    ... okay on input line 34.
LaTeX Font Info:    Checking defaults for PU/pdf/m/n on input line 34.
LaTeX Font Info:    ... okay on input line 34.

*geometry* driver: auto-detecting
*geometry* detected driver: pdftex
*geometry* verbose mode - [ preamble ] result:
* driver: pdftex
* paper: a4paper
* layout: <same size as paper>
* layoutoffset:(h,v)=(0.0pt,0.0pt)
* modes: includefoot includemp 
* h-part:(L,W,R)=(99.58464pt, 398.3386pt, 99.58464pt)
* v-part:(T,H,B)=(93.89409pt, 694.24725pt, 56.9055pt)
* \paperwidth=597.50787pt
* \paperheight=845.04684pt
* \textwidth=398.3386pt
* \textheight=664.24725pt
* \oddsidemargin=27.31465pt
* \evensidemargin=27.31465pt
* \topmargin=-15.3759pt
* \headheight=12.0pt
* \headsep=25.0pt
* \topskip=10.0pt
* \footskip=30.0pt
* \marginparwidth=0.0pt
* \marginparsep=0.0pt
* \columnsep=10.0pt
* \skip\footins=9.0pt plus 4.0pt minus 2.0pt
* \hoffset=0.0pt
* \voffset=0.0pt
* \mag=1000
* \@twocolumnfalse
* \@twosidefalse
* \@mparswitchfalse
* \@reversemargintrue
* (1in=72.27pt=25.4mm, 1cm=28.453pt)

\c@mv@tabular=\count306
\c@mv@boldtabular=\count307
(/opt/homebrew/Cellar/texlive/20240312/share/texmf-dist/tex/context/base/mkii/supp-pdf.mkii
[Loading MPS to PDF converter (version 2006.09.02).]
\scratchcounter=\count308
\scratchdimen=\dimen178
\scratchbox=\box59
\nofMPsegments=\count309
\nofMParguments=\count310
\everyMPshowfont=\toks41
\MPscratchCnt=\count311
\MPscratchDim=\dimen179
\MPnumerator=\count312
\makeMPintoPDFobject=\count313
\everyMPtoPDFconversion=\toks42
) (/opt/homebrew/Cellar/texlive/20240312/share/texmf-dist/tex/latex/epstopdf-pkg/epstopdf-base.sty
Package: epstopdf-base 2020-01-24 v2.11 Base part for package epstopdf
Package epstopdf-base Info: Redefining graphics rule for `.eps' on input line 485.
 (/opt/homebrew/Cellar/texlive/20240312/share/texmf-dist/tex/latex/latexconfig/epstopdf-sys.cfg
File: epstopdf-sys.cfg 2010/07/13 v1.3 Configuration of (r)epstopdf for TeX Live
)) (/opt/homebrew/Cellar/texlive/20240312/share/texmf-dist/tex/latex/graphics/color.sty
Package: color 2022/01/06 v1.3d Standard LaTeX Color (DPC)
 (/opt/homebrew/Cellar/texlive/20240312/share/texmf-dist/tex/latex/graphics-cfg/color.cfg
File: color.cfg 2016/01/02 v1.6 sample color configuration
)
Package color Info: Driver file: pdftex.def on input line 149.
 (/opt/homebrew/Cellar/texlive/20240312/share/texmf-dist/tex/latex/graphics/mathcolor.ltx))
Package hyperref Info: Link coloring ON on input line 34.
 (./thesis.out) (./thesis.out)
\@outlinefile=\write4
\openout4 = `thesis.out'.

LaTeX Font Info:    Trying to load font information for T1+pplj on input line 39.
 (/opt/homebrew/Cellar/texlive/20240312/share/texmf-dist/tex/latex/psnfss/t1pplj.fd
File: t1pplj.fd 2004/09/06 font definitions for T1/pplj.
)
<logo/unimi.png, id=76, 770.88pt x 770.88pt>
File: logo/unimi.png Graphic file (type png)
<use logo/unimi.png>
Package pdftex.def Info: logo/unimi.png  used on input line 39.
(pdftex.def)             Requested size: 113.81102pt x 113.80379pt.
<logo/unimib.jpg, id=78, 99.7326pt x 106.7187pt>
File: logo/unimib.jpg Graphic file (type jpg)
<use logo/unimib.jpg>
Package pdftex.def Info: logo/unimib.jpg  used on input line 39.
(pdftex.def)             Requested size: 113.81102pt x 121.78922pt.
<logo/unipv.pdf, id=79, 501.875pt x 618.33511pt>
File: logo/unipv.pdf Graphic file (type pdf)
<use logo/unipv.pdf>
Package pdftex.def Info: logo/unipv.pdf  used on input line 39.
(pdftex.def)             Requested size: 113.81102pt x 140.21385pt.
 [1

{/opt/homebrew/Cellar/texlive/20240312/share/texmf-dist/fonts/map/pdftex/updmap/pdftex.map}{/opt/homebrew/Cellar/texlive/20240312/share/texmf-dist/fonts/enc/dvips/base/8r.enc} <./logo/unimi.png> <./logo/unimib.jpg> <./logo/unipv.pdf>]
File: logo/unimi.png Graphic file (type png)
<use logo/unimi.png>
Package pdftex.def Info: logo/unimi.png  used on input line 39.
(pdftex.def)             Requested size: 48.36958pt x 48.36807pt.
File: logo/unimib.jpg Graphic file (type jpg)
<use logo/unimib.jpg>
Package pdftex.def Info: logo/unimib.jpg  used on input line 39.
(pdftex.def)             Requested size: 48.36958pt x 51.7585pt.
File: logo/unipv.pdf Graphic file (type pdf)
<use logo/unipv.pdf>
Package pdftex.def Info: logo/unipv.pdf  used on input line 39.
(pdftex.def)             Requested size: 48.36958pt x 59.59158pt.
LaTeX Font Info:    Trying to load font information for T1+FiraSans-OsF on input line 39.
 (/opt/homebrew/Cellar/texlive/20240312/share/texmf-dist/tex/latex/fira/T1FiraSans-OsF.fd
File: T1FiraSans-OsF.fd 2019/10/10 (autoinst) Font definitions for T1/FiraSans-OsF.
)
LaTeX Font Info:    Font shape `T1/FiraSans-OsF/m/n' in size <14.4> not available
(Font)              Font shape `T1/FiraSans-OsF/regular/n' tried instead on input line 39.
LaTeX Font Info:    Font shape `T1/FiraSans-OsF/regular/n' will be
(Font)              scaled to size 14.4pt on input line 39.
LaTeX Font Info:    Font shape `T1/FiraSans-OsF/m/n' in size <20.74> not available
(Font)              Font shape `T1/FiraSans-OsF/regular/n' tried instead on input line 39.
LaTeX Font Info:    Font shape `T1/FiraSans-OsF/regular/n' will be
(Font)              scaled to size 20.74pt on input line 39.
LaTeX Font Info:    Font shape `T1/FiraSans-OsF/sb/n' in size <20.74> not available
(Font)              Font shape `T1/FiraSans-OsF/semibold/n' tried instead on input line 39.
LaTeX Font Info:    Font shape `T1/FiraSans-OsF/semibold/n' will be
(Font)              scaled to size 20.74pt on input line 39.
LaTeX Font Info:    Font shape `T1/FiraSans-OsF/sb/n' in size <10> not available
(Font)              Font shape `T1/FiraSans-OsF/semibold/n' tried instead on input line 39.
LaTeX Font Info:    Font shape `T1/FiraSans-OsF/semibold/n' will be
(Font)              scaled to size 10.0pt on input line 39.
LaTeX Font Info:    Font shape `T1/FiraSans-OsF/sb/n' in size <12> not available
(Font)              Font shape `T1/FiraSans-OsF/semibold/n' tried instead on input line 39.
LaTeX Font Info:    Font shape `T1/FiraSans-OsF/semibold/n' will be
(Font)              scaled to size 12.0pt on input line 39.


LaTeX Font Warning: Font shape `T1/pplj/sb/n' undefined
(Font)              using `T1/pplj/m/n' instead on input line 39.

LaTeX Font Info:    Trying to load font information for TS1+pplj on input line 39.
(/opt/homebrew/Cellar/texlive/20240312/share/texmf-dist/tex/latex/psnfss/ts1pplj.fd
File: ts1pplj.fd 2004/09/06 font definitions for TS1/pplj.
)

LaTeX Font Warning: Font shape `TS1/pplj/sb/n' undefined
(Font)              using `TS1/pplj/m/n' instead
(Font)              for symbol `textcopyright' on input line 39.

[2

{/opt/homebrew/Cellar/texlive/20240312/share/texmf-dist/fonts/enc/dvips/fira/fir_iln36p.enc}]
\openout2 = `contents.aux'.

 (./contents.tex
LaTeX Font Info:    Font shape `T1/FiraSans-OsF/sb/n' in size <24.88> not available
(Font)              Font shape `T1/FiraSans-OsF/semibold/n' tried instead on input line 5.
LaTeX Font Info:    Font shape `T1/FiraSans-OsF/semibold/n' will be
(Font)              scaled to size 24.88pt on input line 5.
 (./thesis.toc
LaTeX Font Info:    Trying to load font information for U+zeur on input line 2.
 (/opt/homebrew/Cellar/texlive/20240312/share/texmf-dist/tex/latex/eulervm/uzeur.fd
File: uzeur.fd 2005/01/11 v4.0 (WaS)
)
LaTeX Font Info:    Trying to load font information for U+zeus on input line 2.
 (/opt/homebrew/Cellar/texlive/20240312/share/texmf-dist/tex/latex/eulervm/uzeus.fd
File: uzeus.fd 2005/01/11 v4.0 (WaS)
)
LaTeX Font Info:    Trying to load font information for U+zeuex on input line 2.
 (/opt/homebrew/Cellar/texlive/20240312/share/texmf-dist/tex/latex/eulervm/uzeuex.fd
File: uzeuex.fd 2005/01/11 v4.0 (WaS)
)
LaTeX Font Info:    Trying to load font information for OT1+zplm on input line 2.
 (/opt/homebrew/Cellar/texlive/20240312/share/texmf-dist/tex/latex/psnfss/ot1zplm.fd
File: ot1zplm.fd 2002/09/08 Fontinst v1.914 font definitions for OT1/zplm.
)
LaTeX Font Info:    Trying to load font information for U+lasy on input line 2.
 (/opt/homebrew/Cellar/texlive/20240312/share/texmf-dist/tex/latex/base/ulasy.fd
File: ulasy.fd 1998/08/17 v2.2e LaTeX symbol font definitions
))
\tf@toc=\write5
\openout5 = `thesis.toc'.

)
pdfTeX warning (ext4): destination with the same identifier (name{page.1}) has been already used, duplicate ignored
<to be read again> 
                   \relax 
l.39 \include{contents}
                        [1


]
\openout2 = `content/abstract.aux'.

 (./content/abstract.tex
LaTeX Font Info:    Font shape `T1/FiraSans-OsF/sb/n' in size <14.4> not available
(Font)              Font shape `T1/FiraSans-OsF/semibold/n' tried instead on input line 10.
LaTeX Font Info:    Font shape `T1/FiraSans-OsF/semibold/n' will be
(Font)              scaled to size 14.4pt on input line 10.
)
pdfTeX warning (ext4): destination with the same identifier (name{page.2}) has been already used, duplicate ignored
<to be read again> 
                   \relax 
l.40 \include{content/abstract}
                                [2






]
\openout2 = `content/introduction.aux'.

 (./content/introduction.tex
Chapter 1.
LaTeX Font Info:    Font shape `T1/FiraSans-OsF/b/n' in size <24.88> not available
(Font)              Font shape `T1/FiraSans-OsF/bold/n' tried instead on input line 2.
LaTeX Font Info:    Font shape `T1/FiraSans-OsF/bold/n' will be
(Font)              scaled to size 24.88pt on input line 2.
) [3




]
\openout2 = `content/usage.aux'.

 (./content/usage.tex
Chapter 2.
LaTeX Font Info:    Trying to load font information for T1+cmtt on input line 7.
(/opt/homebrew/Cellar/texlive/20240312/share/texmf-dist/tex/latex/base/t1cmtt.fd
File: t1cmtt.fd 2023/04/13 v2.5m Standard LaTeX font definitions
)
LaTeX Font Info:    Trying to load font information for TS1+pplx on input line 23.
 (/opt/homebrew/Cellar/texlive/20240312/share/texmf-dist/tex/latex/psnfss/ts1pplx.fd
File: ts1pplx.fd 2004/09/06 font definitions for TS1/pplx.
) [4




{/opt/homebrew/Cellar/texlive/20240312/share/texmf-dist/fonts/enc/dvips/cm-super/cm-super-t1.enc}]
<figures/typewriter.jpg, id=147, 1027.84pt x 1027.84pt>
File: figures/typewriter.jpg Graphic file (type jpg)
<use figures/typewriter.jpg>
Package pdftex.def Info: figures/typewriter.jpg  used on input line 74.
(pdftex.def)             Requested size: 298.75394pt x 298.75604pt.
 [5 <./figures/typewriter.jpg>]
Package hyperref Info: bookmark level for unknown algorithm defaults to 0 on input line 143.
) [6]
\openout2 = `content/guidelines.aux'.

 (./content/guidelines.tex
Chapter 3.
[7




]) [8]
\openout2 = `content/conclusions.aux'.

 (./content/conclusions.tex
Chapter 4.
) [9




]
\openout2 = `backmatter.aux'.

 (./backmatter.tex (./thesis.bbl (./thesis.brf)
\tf@brf=\write6
\openout6 = `thesis.brf'.

)) [10





] (./thesis.aux (./contents.aux) (./content/abstract.aux) (./content/introduction.aux) (./content/usage.aux) (./content/guidelines.aux) (./content/conclusions.aux) (./backmatter.aux))
 ***********
LaTeX2e <2023-11-01> patch level 1
L3 programming layer <2024-02-20>
 ***********


LaTeX Font Warning: Some font shapes were not available, defaults substituted.

Package rerunfilecheck Info: File `thesis.out' has not changed.
(rerunfilecheck)             Checksum: 0444DB713F93DE897FA4C1F24D263C67;2326.
Package rerunfilecheck Info: File `thesis.brf' has not changed.
(rerunfilecheck)             Checksum: 8A31F05E3FBEF9721B8D9D7E98FCC480;98.
 ) 
Here is how much of TeX's memory you used:
 12914 strings out of 474116
 213341 string characters out of 5733619
 1937187 words of memory out of 5000000
 34852 multiletter control sequences out of 15000+600000
 745121 words of font info for 139 fonts, out of 8000000 for 9000
 1141 hyphenation exceptions out of 8191
 105i,13n,107p,678b,629s stack positions out of 10000i,1000n,20000p,200000b,200000s
</opt/homebrew/Cellar/texlive/20240312/share/texmf-dist/fonts/type1/public/fira/FiraSans-Regular.pfb></opt/homebrew/Cellar/texlive/20240312/share/texmf-dist/fonts/type1/public/fira/FiraSans-SemiBold.pfb></opt/homebrew/Cellar/texlive/20240312/share/texmf-dist/fonts/type1/public/fpl/fplrc8a.pfb></opt/homebrew/Cellar/texlive/20240312/share/texmf-dist/fonts/type1/public/cm-super/sftt0900.pfb></opt/homebrew/Cellar/texlive/20240312/share/texmf-dist/fonts/type1/public/cm-super/sftt1000.pfb></opt/homebrew/Cellar/texlive/20240312/share/texmf-dist/fonts/type1/urw/palatino/uplb8a.pfb></opt/homebrew/Cellar/texlive/20240312/share/texmf-dist/fonts/type1/urw/palatino/uplr8a.pfb></opt/homebrew/Cellar/texlive/20240312/share/texmf-dist/fonts/type1/urw/palatino/uplri8a.pfb>
Output written on thesis.pdf (12 pages, 645912 bytes).
PDF statistics:
 251 PDF objects out of 1000 (max. 8388607)
 212 compressed objects within 3 object streams
 52 named destinations out of 1000 (max. 500000)
 165 words of extra memory for PDF output out of 10000 (max. 10000000)

